<?xml version="1.0" encoding="UTF-8"?>
<!-- Generated by org.testng.reporters.JUnitXMLReporter -->
<testsuite hostname="vidya-PC" ignored="0" name="Login with google acccount" tests="6" failures="0" timestamp="31 Dec 2018 09:14:18 GMT" time="85.276" errors="0">
  <testcase name="google_loginWith_bothValid_credentials" time="23.089" classname="org.loginradius.com.classes.tests.GoogleLogin"/>
  <testcase name="google_loginWith_bothInvalid_credentials" time="17.217" classname="org.loginradius.com.classes.tests.GoogleLogin"/>
  <testcase name="google_loginWith_validUsername_and_invalidPassword" time="11.999" classname="org.loginradius.com.classes.tests.GoogleLogin"/>
  <testcase name="google_loginWith_invalidUsername_and_validPassword" time="11.062" classname="org.loginradius.com.classes.tests.GoogleLogin"/>
  <testcase name="google_loginWith_blankEmailId_and_validPassword" time="8.011" classname="org.loginradius.com.classes.tests.GoogleLogin"/>
  <testcase name="google_loginWith_validEmailId_and_blankPassword" time="10.689" classname="org.loginradius.com.classes.tests.GoogleLogin"/>
</testsuite> <!-- Login with google acccount -->
