<?xml version="1.0" encoding="UTF-8"?>
<!-- Generated by org.testng.reporters.JUnitXMLReporter -->
<testsuite hostname="vidya-PC" ignored="0" name="LoginTest" tests="4" failures="1" timestamp="30 Dec 2018 09:34:32 GMT" time="104.08" errors="0">
  <testcase name="simplevalidLogin" time="22.254" classname="tests.SimpleLogin"/>
  <testcase name="Gmaillogin" time="28.269" classname="tests.Loginwithgmail"/>
  <testcase name="FacebookLogin" time="25.51" classname="tests.LoginWithFacebook"/>
  <testcase name="twitterLogin" time="10.034" classname="tests.LoginWithTwitter">
    <failure type="java.lang.AssertionError" message="expected [Twitter] but found [Error]">
      <![CDATA[java.lang.AssertionError: expected [Twitter] but found [Error]
at tests.LoginWithTwitter.twitterLogin(LoginWithTwitter.java:44)
... Removed 31 stack frames]]>
    </failure>
  </testcase> <!-- twitterLogin -->
</testsuite> <!-- LoginTest -->
