<?xml version="1.0" encoding="UTF-8"?>
<!-- Generated by org.testng.reporters.JUnitXMLReporter -->
<testsuite hostname="vidya-PC" ignored="0" name="otherlogins" tests="3" failures="1" timestamp="30 Dec 2018 10:15:53 GMT" time="71.975" errors="0">
  <testcase name="Gmaillogin" time="26.458" classname="tests.Loginwithgmail"/>
  <testcase name="FacebookLogin" time="22.203" classname="tests.LoginWithFacebook"/>
  <testcase name="twitterLogin" time="10.762" classname="tests.LoginWithTwitter">
    <failure type="java.lang.AssertionError" message="expected [Twitter] but found [Error]">
      <![CDATA[java.lang.AssertionError: expected [Twitter] but found [Error]
at tests.LoginWithTwitter.twitterLogin(LoginWithTwitter.java:44)
... Removed 31 stack frames]]>
    </failure>
  </testcase> <!-- twitterLogin -->
</testsuite> <!-- otherlogins -->
