<?xml version="1.0" encoding="UTF-8"?>
<!-- Generated by org.testng.reporters.JUnitXMLReporter -->
<testsuite hostname="vidya-PC" ignored="0" name="simpleLoginTest" tests="4" failures="0" timestamp="30 Dec 2018 10:14:40 GMT" time="39.904" errors="0">
  <testcase name="simplevalidLogin" time="18.364" classname="tests.SimpleLogin"/>
  <testcase name="invalidlogin_withblankpassword" time="5.073" classname="tests.SimpleLogin"/>
  <testcase name="invalidlogin_withBlankEmailId" time="3.938" classname="tests.SimpleLogin"/>
  <testcase name="invalidlogin_withoutCredentials" time="4.239" classname="tests.SimpleLogin"/>
</testsuite> <!-- simpleLoginTest -->
