<?xml version="1.0" encoding="UTF-8"?>
<testng-results skipped="0" failed="0" ignored="0" total="1" passed="1">
  <reporter-output>
  </reporter-output>
  <suite name="Default suite" duration-ms="13191" started-at="2018-12-31T08:32:13Z" finished-at="2018-12-31T08:32:26Z">
    <groups>
    </groups>
    <test name="Default test" duration-ms="13191" started-at="2018-12-31T08:32:13Z" finished-at="2018-12-31T08:32:26Z">
      <class name="org.loginradius.com.classes.tests.ForgotPassword">
        <test-method status="PASS" signature="setup()[pri:0, instance:org.loginradius.com.classes.tests.ForgotPassword@7d9d1a19]" name="setup" is-config="true" duration-ms="5298" started-at="2018-12-31T08:32:13Z" finished-at="2018-12-31T08:32:19Z">
          <reporter-output>
          </reporter-output>
        </test-method> <!-- setup -->
        <test-method status="PASS" signature="forgotPassword()[pri:0, instance:org.loginradius.com.classes.tests.ForgotPassword@7d9d1a19]" name="forgotPassword" duration-ms="7087" started-at="2018-12-31T08:32:19Z" finished-at="2018-12-31T08:32:26Z">
          <reporter-output>
          </reporter-output>
        </test-method> <!-- forgotPassword -->
        <test-method status="PASS" signature="teardown()[pri:0, instance:org.loginradius.com.classes.tests.ForgotPassword@7d9d1a19]" name="teardown" is-config="true" duration-ms="769" started-at="2018-12-31T08:32:26Z" finished-at="2018-12-31T08:32:26Z">
          <reporter-output>
          </reporter-output>
        </test-method> <!-- teardown -->
      </class> <!-- org.loginradius.com.classes.tests.ForgotPassword -->
    </test> <!-- Default test -->
  </suite> <!-- Default suite -->
</testng-results>
